2025-02-07 09:13:56 - Logger initialized successfully.
2025-02-07 09:13:56 - Initializing CarRacing-v2 environment...
2025-02-07 09:13:56 - Environment initialized successfully.
2025-02-07 09:13:56 - Initializing PPO model with CnnPolicy...
2025-02-07 09:13:57 - PPO model initialized.
2025-02-07 09:13:57 - Starting training loop...
2025-02-07 09:13:57 - Starting episode 1...
2025-02-07 09:17:00 - Logger initialized successfully.
2025-02-07 09:17:00 - Initializing CarRacing-v2 environment...
2025-02-07 09:17:00 - Environment initialized successfully.
2025-02-07 09:17:00 - Initializing PPO model with CnnPolicy...
2025-02-07 09:17:01 - PPO model initialized.
2025-02-07 09:17:01 - Starting training loop...
2025-02-07 09:17:01 - Starting episode 1...
2025-02-07 09:21:41 - Logger initialized successfully.
2025-02-07 09:21:41 - Initializing CarRacing-v2 environment...
2025-02-07 09:21:42 - Environment initialized successfully.
2025-02-07 09:21:42 - Initializing PPO model with CnnPolicy...
2025-02-07 09:23:00 - Logger initialized successfully.
2025-02-07 09:23:00 - Initializing CarRacing-v2 environment...
2025-02-07 09:23:00 - Environment initialized successfully.
2025-02-07 09:23:00 - Initializing PPO model with CnnPolicy...
2025-02-07 09:23:01 - Starting training loop...
2025-02-07 09:23:01 - 🟢 Starting Episode 1...
2025-02-07 09:28:16 - Logger initialized successfully.
2025-02-07 09:28:16 - Initializing CarRacing-v2 environment...
2025-02-07 09:28:16 - Environment initialized successfully.
2025-02-07 09:28:16 - Initializing PPO model with CnnPolicy...
2025-02-07 09:28:17 - Starting training loop...
2025-02-07 09:29:29 - Logger initialized successfully.
2025-02-07 09:29:29 - Initializing CarRacing-v2 environment...
2025-02-07 09:29:29 - Environment initialized successfully.
2025-02-07 09:29:29 - Initializing PPO model with CnnPolicy...
2025-02-07 09:29:30 - Starting training loop...
2025-02-07 09:36:36 - Logger initialized successfully.
2025-02-07 09:36:36 - Initializing CarRacing-v2 environment...
2025-02-07 09:36:36 - Environment initialized successfully.
2025-02-07 09:36:36 - Initializing PPO model with CnnPolicy...
2025-02-07 09:36:37 - Starting training loop...
2025-02-07 09:37:20 - Logger initialized successfully.
2025-02-07 09:37:20 - Initializing CarRacing-v2 environment...
2025-02-07 09:37:20 - Environment initialized successfully.
2025-02-07 09:37:20 - Initializing PPO model with CnnPolicy...
2025-02-07 09:37:21 - Starting training loop...
2025-02-07 09:40:01 - Logger initialized successfully.
2025-02-07 09:40:01 - Initializing CarRacing-v2 environment...
2025-02-07 09:40:01 - Environment initialized successfully.
2025-02-07 09:40:01 - Initializing PPO model with CnnPolicy...
2025-02-07 09:40:12 - Logger initialized successfully.
2025-02-07 09:40:12 - Initializing CarRacing-v2 environment...
2025-02-07 09:40:12 - Environment initialized successfully.
2025-02-07 09:40:12 - Initializing PPO model with CnnPolicy...
2025-02-07 09:40:13 - Starting training loop...
2025-02-07 09:41:44 - Logger initialized successfully.
2025-02-07 09:41:44 - Initializing CarRacing-v2 environment...
2025-02-07 09:41:44 - Environment initialized successfully.
2025-02-07 09:41:44 - Initializing PPO model with CnnPolicy...
2025-02-07 09:41:45 - Starting training loop...
2025-02-07 09:41:47 - ✅ Training Complete. Saving model...
2025-02-07 09:41:47 - 💾 Model saved as 'ppo_CarRacing-v2_cnn'.
2025-02-07 09:42:08 - Logger initialized successfully.
2025-02-07 09:42:08 - Initializing CarRacing-v2 environment...
2025-02-07 09:42:09 - Environment initialized successfully.
2025-02-07 09:42:09 - Initializing PPO model with CnnPolicy...
2025-02-07 09:42:09 - Starting training loop...
2025-02-07 09:44:22 - ✅ Training Complete. Saving model...
2025-02-07 09:44:22 - 💾 Model saved as 'ppo_CarRacing-v2_cnn'.
